# JRE version: OpenJDK Runtime Environment (8.0_152-b01) (build 1.8.0_152-release-915-b01)
# Java VM: OpenJDK 64-Bit Server VM (25.152-b01 mixed mode windows-amd64 compressed oops)
Heap:
 PSYoungGen      total 438272K, used 359723K [0x000000076ab00000, 0x0000000789100000, 0x00000007c0000000)
  eden space 386048K, 93% used [0x000000076ab00000,0x0000000780a4ae70,0x0000000782400000)
  from space 52224K, 0% used [0x0000000782400000,0x0000000782400000,0x0000000785700000)
  to   space 45056K, 0% used [0x0000000785700000,0x0000000785700000,0x0000000788300000)
 ParOldGen       total 131072K, used 130941K [0x00000006c0000000, 0x00000006c8000000, 0x000000076ab00000)
  object space 131072K, 99% used [0x00000006c0000000,0x00000006c7fdf7a0,0x00000006c8000000)
 Metaspace       used 7191K, capacity 7736K, committed 7936K, reserved 1056768K
  class space    used 640K, capacity 688K, committed 768K, reserved 1048576K
GC Heap History (10 events):
Event: 2.682 GC heap before
{Heap before GC invocations=5 (full 0):
 PSYoungGen      total 204800K, used 204774K [0x000000076ab00000, 0x0000000777b00000, 0x00000007c0000000)
  eden space 196608K, 100% used [0x000000076ab00000,0x0000000776b00000,0x0000000776b00000)
  from space 8192K, 99% used [0x0000000777300000,0x0000000777af9b60,0x0000000777b00000)
  to   space 8192K, 0% used [0x0000000776b00000,0x0000000776b00000,0x0000000777300000)
 ParOldGen       total 131072K, used 33173K [0x00000006c0000000, 0x00000006c8000000, 0x000000076ab00000)
  object space 131072K, 25% used [0x00000006c0000000,0x00000006c2065728,0x00000006c8000000)
 Metaspace       used 6707K, capacity 7320K, committed 7680K, reserved 1056768K
  class space    used 619K, capacity 656K, committed 768K, reserved 1048576K
Event: 2.726 GC heap after
Heap after GC invocations=5 (full 0):
 PSYoungGen      total 204800K, used 8167K [0x000000076ab00000, 0x0000000788300000, 0x00000007c0000000)
  eden space 196608K, 0% used [0x000000076ab00000,0x000000076ab00000,0x0000000776b00000)
  from space 8192K, 99% used [0x0000000776b00000,0x00000007772f9cd0,0x0000000777300000)
  to   space 45056K, 0% used [0x0000000785700000,0x0000000785700000,0x0000000788300000)
 ParOldGen       total 131072K, used 65223K [0x00000006c0000000, 0x00000006c8000000, 0x000000076ab00000)
  object space 131072K, 49% used [0x00000006c0000000,0x00000006c3fb1fc0,0x00000006c8000000)
 Metaspace       used 6707K, capacity 7320K, committed 7680K, reserved 1056768K
  class space    used 619K, capacity 656K, committed 768K, reserved 1048576K
}
Event: 3.106 GC heap before
{Heap before GC invocations=6 (full 0):
 PSYoungGen      total 204800K, used 204775K [0x000000076ab00000, 0x0000000788300000, 0x00000007c0000000)
  eden space 196608K, 100% used [0x000000076ab00000,0x0000000776b00000,0x0000000776b00000)
  from space 8192K, 99% used [0x0000000776b00000,0x00000007772f9cd0,0x0000000777300000)
  to   space 45056K, 0% used [0x0000000785700000,0x0000000785700000,0x0000000788300000)
 ParOldGen       total 131072K, used 65223K [0x00000006c0000000, 0x00000006c8000000, 0x000000076ab00000)
  object space 131072K, 49% used [0x00000006c0000000,0x00000006c3fb1fc0,0x00000006c8000000)
 Metaspace       used 6712K, capacity 7320K, committed 7680K, reserved 1056768K
  class space    used 619K, capacity 656K, committed 768K, reserved 1048576K
Event: 3.138 GC heap after
Heap after GC invocations=6 (full 0):
 PSYoungGen      total 431104K, used 40530K [0x000000076ab00000, 0x0000000789100000, 0x00000007c0000000)
  eden space 386048K, 0% used [0x000000076ab00000,0x000000076ab00000,0x0000000782400000)
  from space 45056K, 89% used [0x0000000785700000,0x0000000787e94bb0,0x0000000788300000)
  to   space 52224K, 0% used [0x0000000782400000,0x0000000782400000,0x0000000785700000)
 ParOldGen       total 131072K, used 65223K [0x00000006c0000000, 0x00000006c8000000, 0x000000076ab00000)
  object space 131072K, 49% used [0x00000006c0000000,0x00000006c3fb1fc0,0x00000006c8000000)
 Metaspace       used 6712K, capacity 7320K, committed 7680K, reserved 1056768K
  class space    used 619K, capacity 656K, committed 768K, reserved 1048576K
}
Event: 3.895 GC heap before
{Heap before GC invocations=7 (full 0):
 PSYoungGen      total 431104K, used 426578K [0x000000076ab00000, 0x0000000789100000, 0x00000007c0000000)
  eden space 386048K, 100% used [0x000000076ab00000,0x0000000782400000,0x0000000782400000)
  from space 45056K, 89% used [0x0000000785700000,0x0000000787e94bb0,0x0000000788300000)
  to   space 52224K, 0% used [0x0000000782400000,0x0000000782400000,0x0000000785700000)
 ParOldGen       total 131072K, used 65223K [0x00000006c0000000, 0x00000006c8000000, 0x000000076ab00000)
  object space 131072K, 49% used [0x00000006c0000000,0x00000006c3fb1fc0,0x00000006c8000000)
 Metaspace       used 6743K, capacity 7384K, committed 7680K, reserved 1056768K
  class space    used 619K, capacity 656K, committed 768K, reserved 1048576K
Event: 3.976 GC heap after
Heap after GC invocations=7 (full 0):
 PSYoungGen      total 438272K, used 52209K [0x000000076ab00000, 0x0000000789100000, 0x00000007c0000000)
  eden space 386048K, 0% used [0x000000076ab00000,0x000000076ab00000,0x0000000782400000)
  from space 52224K, 99% used [0x0000000782400000,0x00000007856fc5f0,0x0000000785700000)
  to   space 45056K, 0% used [0x0000000785700000,0x0000000785700000,0x0000000788300000)
 ParOldGen       total 131072K, used 116697K [0x00000006c0000000, 0x00000006c8000000, 0x000000076ab00000)
  object space 131072K, 89% used [0x00000006c0000000,0x00000006c71f66b0,0x00000006c8000000)
 Metaspace       used 6743K, capacity 7384K, committed 7680K, reserved 1056768K
  class space    used 619K, capacity 656K, committed 768K, reserved 1048576K
}
Event: 3.976 GC heap before
{Heap before GC invocations=8 (full 1):
 PSYoungGen      total 438272K, used 52209K [0x000000076ab00000, 0x0000000789100000, 0x00000007c0000000)
  eden space 386048K, 0% used [0x000000076ab00000,0x000000076ab00000,0x0000000782400000)
  from space 52224K, 99% used [0x0000000782400000,0x00000007856fc5f0,0x0000000785700000)
  to   space 45056K, 0% used [0x0000000785700000,0x0000000785700000,0x0000000788300000)
 ParOldGen       total 131072K, used 116697K [0x00000006c0000000, 0x00000006c8000000, 0x000000076ab00000)
  object space 131072K, 89% used [0x00000006c0000000,0x00000006c71f66b0,0x00000006c8000000)
 Metaspace       used 6743K, capacity 7384K, committed 7680K, reserved 1056768K
  class space    used 619K, capacity 656K, committed 768K, reserved 1048576K
Event: 4.722 GC heap after
Heap after GC invocations=8 (full 1):
 PSYoungGen      total 438272K, used 33208K [0x000000076ab00000, 0x0000000789100000, 0x00000007c0000000)
  eden space 386048K, 0% used [0x000000076ab00000,0x000000076ab00000,0x0000000782400000)
  from space 52224K, 63% used [0x0000000782400000,0x000000078446e398,0x0000000785700000)
  to   space 45056K, 0% used [0x0000000785700000,0x0000000785700000,0x0000000788300000)
 ParOldGen       total 131072K, used 130747K [0x00000006c0000000, 0x00000006c8000000, 0x000000076ab00000)
  object space 131072K, 99% used [0x00000006c0000000,0x00000006c7faeda0,0x00000006c8000000)
 Metaspace       used 6743K, capacity 7384K, committed 7680K, reserved 1056768K
  class space    used 619K, capacity 656K, committed 768K, reserved 1048576K
}
Event: 5.629 GC heap before
{Heap before GC invocations=9 (full 2):
 PSYoungGen      total 438272K, used 419256K [0x000000076ab00000, 0x0000000789100000, 0x00000007c0000000)
  eden space 386048K, 100% used [0x000000076ab00000,0x0000000782400000,0x0000000782400000)
  from space 52224K, 63% used [0x0000000782400000,0x000000078446e398,0x0000000785700000)
  to   space 45056K, 0% used [0x0000000785700000,0x0000000785700000,0x0000000788300000)
 ParOldGen       total 131072K, used 130747K [0x00000006c0000000, 0x00000006c8000000, 0x000000076ab00000)
  object space 131072K, 99% used [0x00000006c0000000,0x00000006c7faeda0,0x00000006c8000000)
 Metaspace       used 6756K, capacity 7384K, committed 7680K, reserved 1056768K
  class space    used 619K, capacity 656K, committed 768K, reserved 1048576K
Event: 6.161 GC heap after
Heap after GC invocations=9 (full 2):
 PSYoungGen      total 438272K, used 86958K [0x000000076ab00000, 0x0000000789100000, 0x00000007c0000000)
  eden space 386048K, 22% used [0x000000076ab00000,0x000000076ffebbc0,0x0000000782400000)
  from space 52224K, 0% used [0x0000000782400000,0x0000000782400000,0x0000000785700000)
  to   space 45056K, 0% used [0x0000000785700000,0x0000000785700000,0x0000000788300000)
 ParOldGen       total 131072K, used 130941K [0x00000006c0000000, 0x00000006c8000000, 0x000000076ab00000)
  object space 131072K, 99% used [0x00000006c0000000,0x00000006c7fdf7a0,0x00000006c8000000)
 Metaspace       used 6756K, capacity 7384K, committed 7680K, reserved 1056768K
  class space    used 619K, capacity 656K, committed 768K, reserved 1048576K
}

